{"C:\\Users\\semah\\OneDrive\\Bureau\\amine\\test\\test-logiciel\\src\\functions-async.js": {"path":"C:\\Users\\semah\\OneDrive\\Bureau\\amine\\test\\test-logiciel\\src\\functions-async.js","all":false,"statementMap":{"0":{"start":{"line":1,"column":0},"end":{"line":1,"column":41}},"1":{"start":{"line":2,"column":0},"end":{"line":2,"column":63}},"2":{"start":{"line":3,"column":0},"end":{"line":3,"column":23}},"3":{"start":{"line":4,"column":0},"end":{"line":4,"column":55}},"4":{"start":{"line":5,"column":0},"end":{"line":5,"column":5}},"5":{"start":{"line":6,"column":0},"end":{"line":6,"column":39}},"6":{"start":{"line":7,"column":0},"end":{"line":7,"column":0}},"7":{"start":{"line":8,"column":0},"end":{"line":8,"column":96}},"8":{"start":{"line":9,"column":0},"end":{"line":9,"column":1}}},"s":{"0":1,"1":1,"2":1,"3":0,"4":0,"5":1,"6":1,"7":1,"8":1},"branchMap":{"0":{"type":"branch","line":1,"loc":{"start":{"line":1,"column":7},"end":{"line":9,"column":1}},"locations":[{"start":{"line":1,"column":7},"end":{"line":9,"column":1}}]},"1":{"type":"branch","line":3,"loc":{"start":{"line":3,"column":22},"end":{"line":5,"column":5}},"locations":[{"start":{"line":3,"column":22},"end":{"line":5,"column":5}}]}},"b":{"0":[1],"1":[0]},"fnMap":{"0":{"name":"fetchRandomUser","decl":{"start":{"line":1,"column":7},"end":{"line":9,"column":1}},"loc":{"start":{"line":1,"column":7},"end":{"line":9,"column":1}},"line":1}},"f":{"0":1}}
,"C:\\Users\\semah\\OneDrive\\Bureau\\amine\\test\\test-logiciel\\src\\functions.js": {"path":"C:\\Users\\semah\\OneDrive\\Bureau\\amine\\test\\test-logiciel\\src\\functions.js","all":false,"statementMap":{"0":{"start":{"line":1,"column":0},"end":{"line":1,"column":0}},"1":{"start":{"line":2,"column":0},"end":{"line":2,"column":31}},"2":{"start":{"line":3,"column":0},"end":{"line":3,"column":29}},"3":{"start":{"line":4,"column":0},"end":{"line":4,"column":1}},"4":{"start":{"line":5,"column":0},"end":{"line":5,"column":0}},"5":{"start":{"line":6,"column":0},"end":{"line":6,"column":39}},"6":{"start":{"line":7,"column":0},"end":{"line":7,"column":34}},"7":{"start":{"line":8,"column":0},"end":{"line":8,"column":59}},"8":{"start":{"line":9,"column":0},"end":{"line":9,"column":5}},"9":{"start":{"line":10,"column":0},"end":{"line":10,"column":57}},"10":{"start":{"line":11,"column":0},"end":{"line":11,"column":71}},"11":{"start":{"line":12,"column":0},"end":{"line":12,"column":5}},"12":{"start":{"line":13,"column":0},"end":{"line":13,"column":49}},"13":{"start":{"line":14,"column":0},"end":{"line":14,"column":1}},"14":{"start":{"line":15,"column":0},"end":{"line":15,"column":49}},"15":{"start":{"line":16,"column":0},"end":{"line":16,"column":40}},"16":{"start":{"line":17,"column":0},"end":{"line":17,"column":1}}},"s":{"0":1,"1":1,"2":3,"3":3,"4":1,"5":1,"6":5,"7":1,"8":1,"9":5,"10":1,"11":1,"12":3,"13":3,"14":1,"15":5,"16":5},"branchMap":{"0":{"type":"branch","line":2,"loc":{"start":{"line":2,"column":7},"end":{"line":4,"column":1}},"locations":[{"start":{"line":2,"column":7},"end":{"line":4,"column":1}}]},"1":{"type":"branch","line":6,"loc":{"start":{"line":6,"column":7},"end":{"line":14,"column":1}},"locations":[{"start":{"line":6,"column":7},"end":{"line":14,"column":1}}]},"2":{"type":"branch","line":7,"loc":{"start":{"line":7,"column":33},"end":{"line":9,"column":5}},"locations":[{"start":{"line":7,"column":33},"end":{"line":9,"column":5}}]},"3":{"type":"branch","line":10,"loc":{"start":{"line":10,"column":-2},"end":{"line":10,"column":56}},"locations":[{"start":{"line":10,"column":-2},"end":{"line":10,"column":56}}]},"4":{"type":"branch","line":10,"loc":{"start":{"line":10,"column":56},"end":{"line":12,"column":5}},"locations":[{"start":{"line":10,"column":56},"end":{"line":12,"column":5}}]},"5":{"type":"branch","line":13,"loc":{"start":{"line":13,"column":-2},"end":{"line":14,"column":1}},"locations":[{"start":{"line":13,"column":-2},"end":{"line":14,"column":1}}]},"6":{"type":"branch","line":10,"loc":{"start":{"line":10,"column":23},"end":{"line":10,"column":53}},"locations":[{"start":{"line":10,"column":23},"end":{"line":10,"column":53}}]},"7":{"type":"branch","line":13,"loc":{"start":{"line":13,"column":32},"end":{"line":13,"column":47}},"locations":[{"start":{"line":13,"column":32},"end":{"line":13,"column":47}}]},"8":{"type":"branch","line":15,"loc":{"start":{"line":15,"column":7},"end":{"line":17,"column":1}},"locations":[{"start":{"line":15,"column":7},"end":{"line":17,"column":1}}]},"9":{"type":"branch","line":16,"loc":{"start":{"line":16,"column":24},"end":{"line":16,"column":39}},"locations":[{"start":{"line":16,"column":24},"end":{"line":16,"column":39}}]}},"b":{"0":[3],"1":[5],"2":[1],"3":[4],"4":[1],"5":[3],"6":[12],"7":[8],"8":[5],"9":[4]},"fnMap":{"0":{"name":"uperCase","decl":{"start":{"line":2,"column":7},"end":{"line":4,"column":1}},"loc":{"start":{"line":2,"column":7},"end":{"line":4,"column":1}},"line":2},"1":{"name":"triCroissant","decl":{"start":{"line":6,"column":7},"end":{"line":14,"column":1}},"loc":{"start":{"line":6,"column":7},"end":{"line":14,"column":1}},"line":6},"2":{"name":"isPriceInRange","decl":{"start":{"line":15,"column":7},"end":{"line":17,"column":1}},"loc":{"start":{"line":15,"column":7},"end":{"line":17,"column":1}},"line":15}},"f":{"0":3,"1":5,"2":5}}
,"C:\\Users\\semah\\OneDrive\\Bureau\\amine\\test\\test-logiciel\\src\\math.js": {"path":"C:\\Users\\semah\\OneDrive\\Bureau\\amine\\test\\test-logiciel\\src\\math.js","all":false,"statementMap":{"0":{"start":{"line":1,"column":0},"end":{"line":1,"column":27}},"1":{"start":{"line":2,"column":0},"end":{"line":2,"column":17}},"2":{"start":{"line":3,"column":0},"end":{"line":3,"column":1}}},"s":{"0":1,"1":1,"2":1},"branchMap":{"0":{"type":"branch","line":1,"loc":{"start":{"line":1,"column":7},"end":{"line":3,"column":1}},"locations":[{"start":{"line":1,"column":7},"end":{"line":3,"column":1}}]}},"b":{"0":[1]},"fnMap":{"0":{"name":"add","decl":{"start":{"line":1,"column":7},"end":{"line":3,"column":1}},"loc":{"start":{"line":1,"column":7},"end":{"line":3,"column":1}},"line":1}},"f":{"0":1}}
}
